<?xml version="1.0" encoding="UTF-8"?>
<coverage generated="1548801347627" clover="3.2.0">
  <project timestamp="1548801347628" name="All files">
    <metrics statements="2" coveredstatements="2" conditionals="2" coveredconditionals="2" methods="2" coveredmethods="2" elements="6" coveredelements="6" complexity="0" loc="2" ncloc="2" packages="1" files="1" classes="1">
      <file name="index.js" path="/Users/aleksandrmahalov/Desktop/matchers/index.js">
        <metrics statements="2" coveredstatements="2" conditionals="2" coveredconditionals="2" methods="2" coveredmethods="2"/>
        <line num="1" count="3" type="cond" truecount="2" falsecount="0"/>
        <line num="3" count="1" type="stmt"/>
      </file>
    </metrics>
  </project>
</coverage>
