{"/Users/aleksandrmahalov/Desktop/matchers/index.js": {"path":"/Users/aleksandrmahalov/Desktop/matchers/index.js","statementMap":{"0":{"start":{"line":1,"column":18},"end":{"line":1,"column":76}},"1":{"start":{"line":1,"column":27},"end":{"line":1,"column":76}},"2":{"start":{"line":1,"column":46},"end":{"line":1,"column":75}},"3":{"start":{"line":3,"column":0},"end":{"line":3,"column":27}}},"fnMap":{"0":{"name":"(anonymous_0)","decl":{"start":{"line":1,"column":18},"end":{"line":1,"column":19}},"loc":{"start":{"line":1,"column":27},"end":{"line":1,"column":76}},"line":1},"1":{"name":"(anonymous_1)","decl":{"start":{"line":1,"column":36},"end":{"line":1,"column":37}},"loc":{"start":{"line":1,"column":46},"end":{"line":1,"column":75}},"line":1}},"branchMap":{"0":{"loc":{"start":{"line":1,"column":46},"end":{"line":1,"column":75}},"type":"cond-expr","locations":[{"start":{"line":1,"column":69},"end":{"line":1,"column":71}},{"start":{"line":1,"column":74},"end":{"line":1,"column":75}}],"line":1}},"s":{"0":1,"1":1,"2":3,"3":1},"f":{"0":1,"1":3},"b":{"0":[1,2]},"_coverageSchema":"332fd63041d2c1bcb487cc26dd0d5f7d97098a6c","hash":"5f1d36d47693a8f483cc21a7325f01116e0361d3"}
}
